00:56:40 **** Incremental Build of configuration Debug for project fan_controlled_system ****
make all 
Building file: ../system.c
Invoking: AVR Compiler
avr-gcc -Wall -g2 -gstabs -O0 -fpack-struct -fshort-enums -ffunction-sections -fdata-sections -std=gnu99 -funsigned-char -funsigned-bitfields -mmcu=atmega32 -DF_CPU=1000000UL -MMD -MP -MF"system.d" -MT"system.o" -c -o "system.o" "../system.c"
In file included from ../system.c:11:
c:/winavr-20100110/lib/gcc/../../avr/include/util/delay.h:90:3: warning: #warning "Compiler optimizations disabled; functions from <util/delay.h> won't work as designed"
Finished building: ../system.c
 
Building target: fan_controlled_system.elf
Invoking: AVR C Linker
avr-gcc -Wl,-Map,fan_controlled_system.map -mmcu=atmega32 -o "fan_controlled_system.elf"  ./adc.o ./dc_motor.o ./gpio.o ./lcd.o ./lm35_sensor.o ./system.o   
Finished building target: fan_controlled_system.elf
 
Invoking: AVR Create Extended Listing
avr-objdump -h -S fan_controlled_system.elf  >"fan_controlled_system.lss"
Finished building: fan_controlled_system.lss
 
Invoking: Print Size
avr-size --format=avr --mcu=atmega32 fan_controlled_system.elf
AVR Memory Usage
----------------
Device: atmega32

Program:    9824 bytes (30.0% Full)
(.text + .data + .bootloader)

Data:        328 bytes (16.0% Full)
(.data + .bss + .noinit)


Finished building: sizedummy
 
